<?xml version="1.0" encoding="UTF-8"?>
<testsuite xmlns:xsi="http://www.w3.org/2001/XMLSchema-instance" xsi:noNamespaceSchemaLocation="https://maven.apache.org/surefire/maven-surefire-plugin/xsd/surefire-test-report.xsd" version="3.0.2" name="aaron.coin_calculator.api.CoinCalculatorTest" time="0.055" tests="7" errors="0" skipped="0" failures="0">
  <properties>
[...]
</properties>
  <testcase name="testZeroTarget" classname="aaron.coin_calculator.api.CoinCalculatorTest" time="0.024"/>
  <testcase name="testInvalidRequest_NullRequest" classname="aaron.coin_calculator.api.CoinCalculatorTest" time="0.001"/>
  <testcase name="testValidInputExample1" classname="aaron.coin_calculator.api.CoinCalculatorTest" time="0.001"/>
  <testcase name="testValidInputExample2" classname="aaron.coin_calculator.api.CoinCalculatorTest" time="0.001"/>
  <testcase name="testTargetNotReachable" classname="aaron.coin_calculator.api.CoinCalculatorTest" time="0.001"/>
  <testcase name="testExactMatch" classname="aaron.coin_calculator.api.CoinCalculatorTest" time="0.002"/>
  <testcase name="testInvalidRequest_EmptyDenominationsList" classname="aaron.coin_calculator.api.CoinCalculatorTest" time="0.001"/>
</testsuite>